2019-04-09 08:57:12,030 ves 0x4f984aa7d262372df92f85af9be8d2df09ac4018 sessionSetupPrepare 1
2019-04-09 08:58:05,690 ves 0x4f984aa7d262372df92f85af9be8d2df09ac4018 sessionSetupPrepare 1
2019-04-09 08:59:20,631 ves 0x4f984aa7d262372df92f85af9be8d2df09ac4018 sessionSetupPrepare 1
2019-04-09 09:00:15,422 ves 0x4f984aa7d262372df92f85af9be8d2df09ac4018 sessionSetupPrepare 1
2019-04-09 09:10:09,293 ves 0x4f984aa7d262372df92f85af9be8d2df09ac4018 sessionSetupPrepare 1
2019-04-09 09:10:35,922 ves 0x4f984aa7d262372df92f85af9be8d2df09ac4018 sessionSetupPrepare 1
2019-04-09 09:10:50,294 ves 0x4f984aa7d262372df92f85af9be8d2df09ac4018 sessionSetupPrepare 1
2019-04-09 09:14:26,797 ves 0x4f984aa7d262372df92f85af9be8d2df09ac4018 sessionSetupPrepare 1
2019-04-09 09:14:59,343 ves 0x4f984aa7d262372df92f85af9be8d2df09ac4018 sessionSetupPrepare 1
2019-04-09 09:19:38,135 ves 0x4f984aa7d262372df92f85af9be8d2df09ac4018 sessionSetupPrepare 1
2019-04-09 09:19:57,805 ves 0x4f984aa7d262372df92f85af9be8d2df09ac4018 sessionSetupPrepare 1
2019-04-09 09:21:27,395 ves 0x4f984aa7d262372df92f85af9be8d2df09ac4018 sessionSetupPrepare 1
2019-04-09 09:22:54,261 ves 0x4f984aa7d262372df92f85af9be8d2df09ac4018 sessionSetupPrepare 1
2019-04-09 09:23:07,771 ves 0x4f984aa7d262372df92f85af9be8d2df09ac4018 session-id: 1 ISC bulit at 0x6b12d2d86b79f70c7af5096e7810581d8c6a98fd
2019-04-09 09:25:57,619 ves 0x4f984aa7d262372df92f85af9be8d2df09ac4018 sessionSetupPrepare 1
2019-04-09 09:26:04,097 ves 0x4f984aa7d262372df92f85af9be8d2df09ac4018 session-id: 1 ISC bulit at 0x93dc930bcc91bc1defa5d15bd0b016e5ad13ebc1
2019-04-09 09:28:39,997 ves 0x4f984aa7d262372df92f85af9be8d2df09ac4018 sessionSetupPrepare 1
2019-04-09 09:28:46,397 ves 0x4f984aa7d262372df92f85af9be8d2df09ac4018 session-id: 1 ISC bulit at 0x6cb6b074c6280e4d4595c76a9c00105e24b58c9c
2019-04-09 09:33:33,059 ves 0x4f984aa7d262372df92f85af9be8d2df09ac4018 sessionSetupPrepare 1
2019-04-09 09:33:53,957 ves 0x4f984aa7d262372df92f85af9be8d2df09ac4018 session-id: 1 ISC bulit at 0x44b66544f2a0a72993a8bbd9f5279610e4445353
2019-04-09 09:38:02,349 ves 0x4f984aa7d262372df92f85af9be8d2df09ac4018 sessionSetupPrepare 1
2019-04-09 09:38:10,891 ves 0x4f984aa7d262372df92f85af9be8d2df09ac4018 session-id: 1 ISC bulit at 0x83aed2040883c7e91a7792c5b62321e6c0741252
2019-04-09 09:50:09,071 ves 0x4f984aa7d262372df92f85af9be8d2df09ac4018 sessionSetupPrepare 1
2019-04-09 09:53:20,542 ves 0x4f984aa7d262372df92f85af9be8d2df09ac4018 sessionSetupPrepare 1
2019-04-09 09:53:21,735 ves 0x4f984aa7d262372df92f85af9be8d2df09ac4018 session-id: 1 ISC bulit at 0x83aed2040883c7e91a7792c5b62321e6c0741252
2019-04-09 09:57:01,979 ves 0x4f984aa7d262372df92f85af9be8d2df09ac4018 sessionSetupPrepare 1
2019-04-09 09:57:03,183 ves 0x4f984aa7d262372df92f85af9be8d2df09ac4018 session-id: 1 ISC bulit at 0x83aed2040883c7e91a7792c5b62321e6c0741252
2019-04-09 09:58:22,957 ves 0x4f984aa7d262372df92f85af9be8d2df09ac4018 sessionSetupPrepare 1
2019-04-09 09:58:24,084 ves 0x4f984aa7d262372df92f85af9be8d2df09ac4018 session-id: 1 ISC bulit at 0x83aed2040883c7e91a7792c5b62321e6c0741252
2019-04-09 09:59:10,314 ves 0x4f984aa7d262372df92f85af9be8d2df09ac4018 sessionSetupPrepare 1
2019-04-09 09:59:11,481 ves 0x4f984aa7d262372df92f85af9be8d2df09ac4018 session-id: 1 ISC bulit at 0x83aed2040883c7e91a7792c5b62321e6c0741252
2019-04-09 09:59:22,264 ves 0x4f984aa7d262372df92f85af9be8d2df09ac4018 session-id: 1 user-ack: Ethereum://chain1.X 0x6f8d9294ed39e3327b218166c7b493ff8b2f89a29d34f1319ee01f61fd7b78c372e03d5950cf2f4d51e28b0fbcd47b6d171259ac1795d861486b9494fbbd885b1c
2019-04-09 09:59:30,580 ves 0x4f984aa7d262372df92f85af9be8d2df09ac4018 session-id: 1 user-ack: Ethereum://chain2.Y 0x19b8253e3518245e8745a9117d0e1a8d02110e9bc84c5e2de6b3e3309ac1a53c076d8552c77c8c09555c0e5605c1c714db2650ba6840ed5739199a5f6665c1981c
2019-04-09 09:59:30,580 ves 0x4f984aa7d262372df92f85af9be8d2df09ac4018 session-id: 1 setup finished
2019-04-09 09:59:37,014 ves 0x4f984aa7d262372df92f85af9be8d2df09ac4018 session-id: 1 add NSB's info success: ISC-address: 0x83aed2040883c7e91a7792c5b62321e6c0741252, Intents-count: 3
2019-04-09 10:10:12,735 ves 0x4f984aa7d262372df92f85af9be8d2df09ac4018 sessionSetupPrepare 1
2019-04-09 10:12:04,522 ves 0x4f984aa7d262372df92f85af9be8d2df09ac4018 sessionSetupPrepare 1
2019-04-09 10:13:51,542 ves 0x4f984aa7d262372df92f85af9be8d2df09ac4018 sessionSetupPrepare 1
2019-04-09 10:14:57,616 ves 0x4f984aa7d262372df92f85af9be8d2df09ac4018 sessionSetupPrepare 1
2019-04-09 10:15:27,472 ves 0x4f984aa7d262372df92f85af9be8d2df09ac4018 sessionSetupPrepare 1
2019-04-09 10:15:28,722 ves 0x4f984aa7d262372df92f85af9be8d2df09ac4018 session-id: 1 ISC bulit at 0x83aed2040883c7e91a7792c5b62321e6c0741252
2019-04-09 10:22:06,500 ves 0x4f984aa7d262372df92f85af9be8d2df09ac4018 sessionSetupPrepare 1
2019-04-09 10:22:07,826 ves 0x4f984aa7d262372df92f85af9be8d2df09ac4018 session-id: 1 ISC bulit at 0x83aed2040883c7e91a7792c5b62321e6c0741252
2019-04-09 10:31:05,835 ves 0x4f984aa7d262372df92f85af9be8d2df09ac4018 sessionSetupPrepare 1
2019-04-09 10:31:07,185 ves 0x4f984aa7d262372df92f85af9be8d2df09ac4018 session-id: 1 ISC bulit at 0x83aed2040883c7e91a7792c5b62321e6c0741252
2019-04-09 10:31:42,449 ves 0x4f984aa7d262372df92f85af9be8d2df09ac4018 sessionSetupPrepare 1
2019-04-09 10:31:43,628 ves 0x4f984aa7d262372df92f85af9be8d2df09ac4018 session-id: 1 ISC bulit at 0x83aed2040883c7e91a7792c5b62321e6c0741252
2019-04-09 10:33:05,382 ves 0x4f984aa7d262372df92f85af9be8d2df09ac4018 sessionSetupPrepare 1
2019-04-09 10:33:06,673 ves 0x4f984aa7d262372df92f85af9be8d2df09ac4018 session-id: 1 ISC bulit at 0x83aed2040883c7e91a7792c5b62321e6c0741252
2019-04-09 10:33:41,059 ves 0x4f984aa7d262372df92f85af9be8d2df09ac4018 sessionSetupPrepare 1
2019-04-09 10:33:42,204 ves 0x4f984aa7d262372df92f85af9be8d2df09ac4018 session-id: 1 ISC bulit at 0x83aed2040883c7e91a7792c5b62321e6c0741252
2019-04-09 10:39:51,630 ves 0x4f984aa7d262372df92f85af9be8d2df09ac4018 sessionSetupPrepare 1
2019-04-09 10:39:52,885 ves 0x4f984aa7d262372df92f85af9be8d2df09ac4018 session-id: 1 ISC bulit at 0x83aed2040883c7e91a7792c5b62321e6c0741252
2019-04-09 10:43:12,825 ves 0x4f984aa7d262372df92f85af9be8d2df09ac4018 sessionSetupPrepare 1
2019-04-09 10:43:14,167 ves 0x4f984aa7d262372df92f85af9be8d2df09ac4018 session-id: 1 ISC bulit at 0x83aed2040883c7e91a7792c5b62321e6c0741252
2019-04-09 10:45:01,984 ves 0x4f984aa7d262372df92f85af9be8d2df09ac4018 sessionSetupPrepare 1
2019-04-09 10:45:03,335 ves 0x4f984aa7d262372df92f85af9be8d2df09ac4018 session-id: 1 ISC bulit at 0x83aed2040883c7e91a7792c5b62321e6c0741252
2019-04-09 10:51:13,541 ves 0x4f984aa7d262372df92f85af9be8d2df09ac4018 sessionSetupPrepare 1
2019-04-09 10:51:14,710 ves 0x4f984aa7d262372df92f85af9be8d2df09ac4018 session-id: 1 ISC bulit at 0x83aed2040883c7e91a7792c5b62321e6c0741252
2019-04-09 10:51:45,125 ves 0x4f984aa7d262372df92f85af9be8d2df09ac4018 sessionSetupPrepare 1
2019-04-09 10:51:46,302 ves 0x4f984aa7d262372df92f85af9be8d2df09ac4018 session-id: 1 ISC bulit at 0x83aed2040883c7e91a7792c5b62321e6c0741252
2019-04-09 10:52:07,061 ves 0x4f984aa7d262372df92f85af9be8d2df09ac4018 sessionSetupPrepare 1
2019-04-09 10:52:08,278 ves 0x4f984aa7d262372df92f85af9be8d2df09ac4018 session-id: 1 ISC bulit at 0x83aed2040883c7e91a7792c5b62321e6c0741252
2019-04-09 10:53:08,731 ves 0x4f984aa7d262372df92f85af9be8d2df09ac4018 sessionSetupPrepare 1
2019-04-09 10:53:09,945 ves 0x4f984aa7d262372df92f85af9be8d2df09ac4018 session-id: 1 ISC bulit at 0x83aed2040883c7e91a7792c5b62321e6c0741252
2019-04-09 10:53:33,191 ves 0x4f984aa7d262372df92f85af9be8d2df09ac4018 sessionSetupPrepare 1
2019-04-09 10:53:34,416 ves 0x4f984aa7d262372df92f85af9be8d2df09ac4018 session-id: 1 ISC bulit at 0x83aed2040883c7e91a7792c5b62321e6c0741252
2019-04-09 10:54:13,760 ves 0x4f984aa7d262372df92f85af9be8d2df09ac4018 sessionSetupPrepare 1
2019-04-09 10:54:15,095 ves 0x4f984aa7d262372df92f85af9be8d2df09ac4018 session-id: 1 ISC bulit at 0x83aed2040883c7e91a7792c5b62321e6c0741252
2019-04-09 10:54:50,516 ves 0x4f984aa7d262372df92f85af9be8d2df09ac4018 sessionSetupPrepare 1
2019-04-09 10:54:51,729 ves 0x4f984aa7d262372df92f85af9be8d2df09ac4018 session-id: 1 ISC bulit at 0x83aed2040883c7e91a7792c5b62321e6c0741252
2019-04-09 10:55:11,246 ves 0x4f984aa7d262372df92f85af9be8d2df09ac4018 sessionSetupPrepare 1
2019-04-09 10:55:12,592 ves 0x4f984aa7d262372df92f85af9be8d2df09ac4018 session-id: 1 ISC bulit at 0x83aed2040883c7e91a7792c5b62321e6c0741252
2019-04-09 10:56:08,138 ves 0x4f984aa7d262372df92f85af9be8d2df09ac4018 sessionSetupPrepare 1
2019-04-09 10:56:09,315 ves 0x4f984aa7d262372df92f85af9be8d2df09ac4018 session-id: 1 ISC bulit at 0x83aed2040883c7e91a7792c5b62321e6c0741252
2019-04-09 10:57:19,599 ves 0x4f984aa7d262372df92f85af9be8d2df09ac4018 sessionSetupPrepare 1
2019-04-09 10:57:20,796 ves 0x4f984aa7d262372df92f85af9be8d2df09ac4018 session-id: 1 ISC bulit at 0x83aed2040883c7e91a7792c5b62321e6c0741252
2019-04-09 10:59:49,416 ves 0x4f984aa7d262372df92f85af9be8d2df09ac4018 sessionSetupPrepare 1
2019-04-09 10:59:50,629 ves 0x4f984aa7d262372df92f85af9be8d2df09ac4018 session-id: 1 ISC bulit at 0x83aed2040883c7e91a7792c5b62321e6c0741252
2019-04-09 11:14:17,185 ves 0x4f984aa7d262372df92f85af9be8d2df09ac4018 sessionSetupPrepare 1
2019-04-09 11:14:18,525 ves 0x4f984aa7d262372df92f85af9be8d2df09ac4018 session-id: 1 ISC bulit at 0x83aed2040883c7e91a7792c5b62321e6c0741252
2019-04-09 11:14:59,445 ves 0x4f984aa7d262372df92f85af9be8d2df09ac4018 sessionSetupPrepare 1
2019-04-09 11:15:00,613 ves 0x4f984aa7d262372df92f85af9be8d2df09ac4018 session-id: 1 ISC bulit at 0x83aed2040883c7e91a7792c5b62321e6c0741252
2019-04-09 11:16:09,098 ves 0x4f984aa7d262372df92f85af9be8d2df09ac4018 sessionSetupPrepare 1
2019-04-09 11:16:10,263 ves 0x4f984aa7d262372df92f85af9be8d2df09ac4018 session-id: 1 ISC bulit at 0x83aed2040883c7e91a7792c5b62321e6c0741252
2019-04-09 11:17:10,563 ves 0x4f984aa7d262372df92f85af9be8d2df09ac4018 sessionSetupPrepare 1
2019-04-09 11:17:11,768 ves 0x4f984aa7d262372df92f85af9be8d2df09ac4018 session-id: 1 ISC bulit at 0x83aed2040883c7e91a7792c5b62321e6c0741252
2019-04-09 11:19:14,093 ves 0x4f984aa7d262372df92f85af9be8d2df09ac4018 sessionSetupPrepare 1
2019-04-09 11:19:15,301 ves 0x4f984aa7d262372df92f85af9be8d2df09ac4018 session-id: 1 ISC bulit at 0x83aed2040883c7e91a7792c5b62321e6c0741252
2019-04-09 11:20:23,438 ves 0x4f984aa7d262372df92f85af9be8d2df09ac4018 sessionSetupPrepare 1
2019-04-09 11:20:24,687 ves 0x4f984aa7d262372df92f85af9be8d2df09ac4018 session-id: 1 ISC bulit at 0x83aed2040883c7e91a7792c5b62321e6c0741252
2019-04-09 11:23:03,115 ves 0x4f984aa7d262372df92f85af9be8d2df09ac4018 sessionSetupPrepare 1
2019-04-09 11:23:04,421 ves 0x4f984aa7d262372df92f85af9be8d2df09ac4018 session-id: 1 ISC bulit at 0x83aed2040883c7e91a7792c5b62321e6c0741252
2019-04-09 11:23:12,989 ves 0x4f984aa7d262372df92f85af9be8d2df09ac4018 session-id: 1 user-ack: Ethereum://Chain1.a1 0x05a8a2298ca235f79420367fa738bcf2d05658f0bf49d1fb3897c62ebbb41c8834bef061d450dddf5298a8e98581a0212962b7f8fa468ef9e517ffb0d53f40881b
2019-04-09 11:25:41,883 ves 0x4f984aa7d262372df92f85af9be8d2df09ac4018 sessionSetupPrepare 1
2019-04-09 11:26:03,657 ves 0x4f984aa7d262372df92f85af9be8d2df09ac4018 sessionSetupPrepare 1
2019-04-09 11:26:04,807 ves 0x4f984aa7d262372df92f85af9be8d2df09ac4018 session-id: 1 ISC bulit at 0x83aed2040883c7e91a7792c5b62321e6c0741252
2019-04-09 11:26:11,692 ves 0x4f984aa7d262372df92f85af9be8d2df09ac4018 session-id: 1 user-ack: Ethereum://Chain1.a1 0x05a8a2298ca235f79420367fa738bcf2d05658f0bf49d1fb3897c62ebbb41c8834bef061d450dddf5298a8e98581a0212962b7f8fa468ef9e517ffb0d53f40881b
2019-04-09 12:05:02,333 ves 0x4f984aa7d262372df92f85af9be8d2df09ac4018 sessionSetupPrepare 1
2019-04-09 12:05:03,642 ves 0x4f984aa7d262372df92f85af9be8d2df09ac4018 session-id: 1 ISC bulit at 0x83aed2040883c7e91a7792c5b62321e6c0741252
2019-04-09 12:05:17,947 ves 0x4f984aa7d262372df92f85af9be8d2df09ac4018 sessionSetupPrepare 1
2019-04-09 12:05:19,197 ves 0x4f984aa7d262372df92f85af9be8d2df09ac4018 session-id: 1 ISC bulit at 0x83aed2040883c7e91a7792c5b62321e6c0741252
2019-04-09 12:52:10,095 ves 0x4f984aa7d262372df92f85af9be8d2df09ac4018 sessionSetupPrepare 1
2019-04-09 12:52:11,364 ves 0x4f984aa7d262372df92f85af9be8d2df09ac4018 session-id: 1 ISC bulit at 0x83aed2040883c7e91a7792c5b62321e6c0741252
2019-04-09 12:52:22,831 ves 0x4f984aa7d262372df92f85af9be8d2df09ac4018 session-id: 1 user-ack: Ethereum://Chain1.a1 0x05a8a2298ca235f79420367fa738bcf2d05658f0bf49d1fb3897c62ebbb41c8834bef061d450dddf5298a8e98581a0212962b7f8fa468ef9e517ffb0d53f40881b
