2019-05-10 16:33:40,820 ves 0x4f984aa7d262372df92f85af9be8d2df09ac4018 sessionSetupPrepare 1
2019-05-10 16:34:17,632 ves 0x4f984aa7d262372df92f85af9be8d2df09ac4018 sessionSetupPrepare 1
2019-05-10 16:46:17,885 ves 0x4f984aa7d262372df92f85af9be8d2df09ac4018 sessionSetupPrepare 1
2019-05-10 16:52:28,155 ves 0x4f984aa7d262372df92f85af9be8d2df09ac4018 sessionSetupPrepare 1
2019-05-10 16:54:57,585 ves 0x4f984aa7d262372df92f85af9be8d2df09ac4018 sessionSetupPrepare 1
2019-05-10 17:50:15,202 ves 0x4f984aa7d262372df92f85af9be8d2df09ac4018 sessionSetupPrepare 1
2019-05-10 17:51:13,147 ves 0x4f984aa7d262372df92f85af9be8d2df09ac4018 sessionSetupPrepare 1
2019-05-10 17:51:26,612 ves 0x4f984aa7d262372df92f85af9be8d2df09ac4018 sessionSetupPrepare 1
2019-05-10 18:04:51,232 ves 0x4f984aa7d262372df92f85af9be8d2df09ac4018 sessionSetupPrepare 1
2019-05-10 18:06:42,172 ves 0x4f984aa7d262372df92f85af9be8d2df09ac4018 sessionSetupPrepare 1
2019-05-10 18:07:20,407 ves 0x4f984aa7d262372df92f85af9be8d2df09ac4018 sessionSetupPrepare 1
2019-05-10 18:08:41,048 ves 0x4f984aa7d262372df92f85af9be8d2df09ac4018 sessionSetupPrepare 1
2019-05-10 18:09:38,432 ves 0x4f984aa7d262372df92f85af9be8d2df09ac4018 sessionSetupPrepare 1
2019-05-10 18:10:21,473 ves 0x4f984aa7d262372df92f85af9be8d2df09ac4018 sessionSetupPrepare 1
2019-05-10 18:10:38,365 ves 0x4f984aa7d262372df92f85af9be8d2df09ac4018 session-id: 1 ISC bulit at 0x84272703203bc0Aa1a82a44aED2f9fd52920Eee5
2019-05-10 18:11:41,053 ves 0x4f984aa7d262372df92f85af9be8d2df09ac4018 sessionSetupPrepare 1
2019-05-10 18:11:59,784 ves 0x4f984aa7d262372df92f85af9be8d2df09ac4018 session-id: 1 ISC bulit at 0x7C95df3dD0116703F68B5c89D4123e45aaa0f5e0
2019-05-10 18:23:45,033 ves 0x4f984aa7d262372df92f85af9be8d2df09ac4018 sessionSetupPrepare 1
2019-05-10 18:24:12,751 ves 0x4f984aa7d262372df92f85af9be8d2df09ac4018 session-id: 1 ISC bulit at 0x404f4CAf6E651bc705A86609F52a69a67CD0807E
2019-05-10 18:31:52,726 ves 0x4f984aa7d262372df92f85af9be8d2df09ac4018 sessionSetupPrepare 1
2019-05-10 18:32:09,461 ves 0x4f984aa7d262372df92f85af9be8d2df09ac4018 session-id: 1 ISC bulit at 0x9eDe5d6a41e07b111b2873e4cB29bDA39Ca3b741
2019-05-10 18:33:37,047 ves 0x4f984aa7d262372df92f85af9be8d2df09ac4018 session-id: 1 user-ack: Ethereum://chain1.a1 0xc257eb1db498420fc8d0dc2435a118efd381c8ba3f7fae8ea2cf321f378a07bb17ee831d3db84aa49bdaee007baa54fa38ad2b9028f65cb206e69ed50452d2081b
2019-05-10 18:33:49,041 ves 0x4f984aa7d262372df92f85af9be8d2df09ac4018 session-id: 1 user-ack: Ethereum://chain1.a2 0x5def04f0bfaa017156b469afce48f39e49834b0262288c43955e0b6833bee3875dbd67e7aa58d7a5409b28fd1b1bd7eed8dcdef3e092a06ec9a9c6457d22f3461c
2019-05-10 18:33:49,041 ves 0x4f984aa7d262372df92f85af9be8d2df09ac4018 session-id: 1 setup finished
2019-05-10 18:33:54,516 ves 0x4f984aa7d262372df92f85af9be8d2df09ac4018 session-id: 1 add NSB's info success: ISC-address: 0x9eDe5d6a41e07b111b2873e4cB29bDA39Ca3b741, Intents-count: 3
