2019-03-30 22:31:08,976 ves 0x4f984aa7d262372df92f85af9be8d2df09ac4018 sessionSetupPrepare 1
2019-03-30 22:31:25,856 ves 0x4f984aa7d262372df92f85af9be8d2df09ac4018 session-id: 1 ISC bulit at 0x46fb5d19b3f7c119ceb13758a75f72648ff62877
2019-03-30 22:32:25,009 ves 0x4f984aa7d262372df92f85af9be8d2df09ac4018 session-id: 1 user-ack: Ethereum://chain1.X 0x6f8d9294ed39e3327b218166c7b493ff8b2f89a29d34f1319ee01f61fd7b78c372e03d5950cf2f4d51e28b0fbcd47b6d171259ac1795d861486b9494fbbd885b1c
2019-03-30 22:32:30,301 ves 0x4f984aa7d262372df92f85af9be8d2df09ac4018 session-id: 1 user-ack: Ethereum://chain2.Y 0x19b8253e3518245e8745a9117d0e1a8d02110e9bc84c5e2de6b3e3309ac1a53c076d8552c77c8c09555c0e5605c1c714db2650ba6840ed5739199a5f6665c1981c
2019-03-30 22:32:30,301 ves 0x4f984aa7d262372df92f85af9be8d2df09ac4018 session-id: 1 setup finished
2019-03-30 22:42:07,440 ves 0x4f984aa7d262372df92f85af9be8d2df09ac4018 sessionSetupPrepare 1
2019-03-30 22:42:08,730 ves 0x4f984aa7d262372df92f85af9be8d2df09ac4018 session-id: 1 ISC bulit at 0x46fb5d19b3f7c119ceb13758a75f72648ff62877
2019-03-30 22:42:09,907 ves 0x4f984aa7d262372df92f85af9be8d2df09ac4018 session-id: 1 user-ack: Ethereum://chain1.X 0x6f8d9294ed39e3327b218166c7b493ff8b2f89a29d34f1319ee01f61fd7b78c372e03d5950cf2f4d51e28b0fbcd47b6d171259ac1795d861486b9494fbbd885b1c
2019-03-30 22:42:11,016 ves 0x4f984aa7d262372df92f85af9be8d2df09ac4018 session-id: 1 user-ack: Ethereum://chain2.Y 0x19b8253e3518245e8745a9117d0e1a8d02110e9bc84c5e2de6b3e3309ac1a53c076d8552c77c8c09555c0e5605c1c714db2650ba6840ed5739199a5f6665c1981c
2019-03-30 22:42:11,016 ves 0x4f984aa7d262372df92f85af9be8d2df09ac4018 session-id: 1 setup finished
2019-03-30 22:43:21,209 ves 0x4f984aa7d262372df92f85af9be8d2df09ac4018 sessionSetupPrepare 1
2019-03-30 22:43:22,512 ves 0x4f984aa7d262372df92f85af9be8d2df09ac4018 session-id: 1 ISC bulit at 0x46fb5d19b3f7c119ceb13758a75f72648ff62877
2019-03-30 22:43:23,648 ves 0x4f984aa7d262372df92f85af9be8d2df09ac4018 session-id: 1 user-ack: Ethereum://chain1.X 0x6f8d9294ed39e3327b218166c7b493ff8b2f89a29d34f1319ee01f61fd7b78c372e03d5950cf2f4d51e28b0fbcd47b6d171259ac1795d861486b9494fbbd885b1c
2019-03-30 22:43:24,840 ves 0x4f984aa7d262372df92f85af9be8d2df09ac4018 session-id: 1 user-ack: Ethereum://chain2.Y 0x19b8253e3518245e8745a9117d0e1a8d02110e9bc84c5e2de6b3e3309ac1a53c076d8552c77c8c09555c0e5605c1c714db2650ba6840ed5739199a5f6665c1981c
2019-03-30 22:43:24,840 ves 0x4f984aa7d262372df92f85af9be8d2df09ac4018 session-id: 1 setup finished
2019-03-30 22:46:28,980 ves 0x4f984aa7d262372df92f85af9be8d2df09ac4018 sessionSetupPrepare 1
2019-03-30 22:46:30,129 ves 0x4f984aa7d262372df92f85af9be8d2df09ac4018 session-id: 1 ISC bulit at 0x46fb5d19b3f7c119ceb13758a75f72648ff62877
2019-03-30 22:46:31,266 ves 0x4f984aa7d262372df92f85af9be8d2df09ac4018 session-id: 1 user-ack: Ethereum://chain1.X 0x6f8d9294ed39e3327b218166c7b493ff8b2f89a29d34f1319ee01f61fd7b78c372e03d5950cf2f4d51e28b0fbcd47b6d171259ac1795d861486b9494fbbd885b1c
2019-03-30 22:46:32,441 ves 0x4f984aa7d262372df92f85af9be8d2df09ac4018 session-id: 1 user-ack: Ethereum://chain2.Y 0x19b8253e3518245e8745a9117d0e1a8d02110e9bc84c5e2de6b3e3309ac1a53c076d8552c77c8c09555c0e5605c1c714db2650ba6840ed5739199a5f6665c1981c
2019-03-30 22:46:32,441 ves 0x4f984aa7d262372df92f85af9be8d2df09ac4018 session-id: 1 setup finished
2019-03-30 22:46:50,645 ves 0x4f984aa7d262372df92f85af9be8d2df09ac4018 sessionSetupPrepare 1
2019-03-30 22:46:51,867 ves 0x4f984aa7d262372df92f85af9be8d2df09ac4018 session-id: 1 ISC bulit at 0x46fb5d19b3f7c119ceb13758a75f72648ff62877
2019-03-30 22:46:53,007 ves 0x4f984aa7d262372df92f85af9be8d2df09ac4018 session-id: 1 user-ack: Ethereum://chain1.X 0x6f8d9294ed39e3327b218166c7b493ff8b2f89a29d34f1319ee01f61fd7b78c372e03d5950cf2f4d51e28b0fbcd47b6d171259ac1795d861486b9494fbbd885b1c
2019-03-30 22:46:54,190 ves 0x4f984aa7d262372df92f85af9be8d2df09ac4018 session-id: 1 user-ack: Ethereum://chain2.Y 0x19b8253e3518245e8745a9117d0e1a8d02110e9bc84c5e2de6b3e3309ac1a53c076d8552c77c8c09555c0e5605c1c714db2650ba6840ed5739199a5f6665c1981c
2019-03-30 22:46:54,190 ves 0x4f984aa7d262372df92f85af9be8d2df09ac4018 session-id: 1 setup finished
2019-03-30 22:47:44,941 ves 0x4f984aa7d262372df92f85af9be8d2df09ac4018 sessionSetupPrepare 1
2019-03-30 22:47:46,203 ves 0x4f984aa7d262372df92f85af9be8d2df09ac4018 session-id: 1 ISC bulit at 0x46fb5d19b3f7c119ceb13758a75f72648ff62877
2019-03-30 22:47:47,302 ves 0x4f984aa7d262372df92f85af9be8d2df09ac4018 session-id: 1 user-ack: Ethereum://chain1.X 0x6f8d9294ed39e3327b218166c7b493ff8b2f89a29d34f1319ee01f61fd7b78c372e03d5950cf2f4d51e28b0fbcd47b6d171259ac1795d861486b9494fbbd885b1c
2019-03-30 22:47:48,463 ves 0x4f984aa7d262372df92f85af9be8d2df09ac4018 session-id: 1 user-ack: Ethereum://chain2.Y 0x19b8253e3518245e8745a9117d0e1a8d02110e9bc84c5e2de6b3e3309ac1a53c076d8552c77c8c09555c0e5605c1c714db2650ba6840ed5739199a5f6665c1981c
2019-03-30 22:47:48,463 ves 0x4f984aa7d262372df92f85af9be8d2df09ac4018 session-id: 1 setup finished
