2019-04-13 20:12:22,608 ves 0x4f984aa7d262372df92f85af9be8d2df09ac4018 sessionSetupPrepare 1
2019-04-13 20:12:24,045 ves 0x4f984aa7d262372df92f85af9be8d2df09ac4018 session-id: 1 ISC bulit at 0x0C24884AEe4E89378Bb1E739A5c9b34834D384E5
2019-04-13 20:12:25,393 ves 0x4f984aa7d262372df92f85af9be8d2df09ac4018 session-id: 1 user-ack: Ethereum://Chain1.a1 0x41ada0d86f02a6cc46fa35a4ac55b00e47636570db97182c3c836deb73ac9bc56e3b68d270b2b514534c263667be32bc6baf7221ac92be2a7236de2231d8ee201b
2019-04-13 20:12:26,790 ves 0x4f984aa7d262372df92f85af9be8d2df09ac4018 session-id: 1 user-ack: Ethereum://Chain1.a2 0xf27d54b73dc6a9a9f4b2f056c56c6daaf4109b63d7ef5edf75421b93af7af3b006eb6d1b5d4749920cd20210e4a680864dca73ce994de5578573d712f74fffee1b
2019-04-13 20:12:26,790 ves 0x4f984aa7d262372df92f85af9be8d2df09ac4018 session-id: 1 setup finished
2019-04-13 20:22:53,963 ves 0x4f984aa7d262372df92f85af9be8d2df09ac4018 sessionSetupPrepare 1
2019-04-13 20:22:55,364 ves 0x4f984aa7d262372df92f85af9be8d2df09ac4018 session-id: 1 ISC bulit at 0x0C24884AEe4E89378Bb1E739A5c9b34834D384E5
2019-04-13 20:22:56,721 ves 0x4f984aa7d262372df92f85af9be8d2df09ac4018 session-id: 1 user-ack: Ethereum://Chain1.a1 0x41ada0d86f02a6cc46fa35a4ac55b00e47636570db97182c3c836deb73ac9bc56e3b68d270b2b514534c263667be32bc6baf7221ac92be2a7236de2231d8ee201b
2019-04-13 20:22:57,827 ves 0x4f984aa7d262372df92f85af9be8d2df09ac4018 session-id: 1 user-ack: Ethereum://Chain1.a2 0xf27d54b73dc6a9a9f4b2f056c56c6daaf4109b63d7ef5edf75421b93af7af3b006eb6d1b5d4749920cd20210e4a680864dca73ce994de5578573d712f74fffee1b
2019-04-13 20:22:57,827 ves 0x4f984aa7d262372df92f85af9be8d2df09ac4018 session-id: 1 setup finished
2019-04-13 20:26:14,126 ves 0x4f984aa7d262372df92f85af9be8d2df09ac4018 sessionSetupPrepare 1
2019-04-13 20:26:14,889 ves 0x4f984aa7d262372df92f85af9be8d2df09ac4018 session-id: 1 ISC bulit at 0x0C24884AEe4E89378Bb1E739A5c9b34834D384E5
2019-04-13 20:26:15,642 ves 0x4f984aa7d262372df92f85af9be8d2df09ac4018 session-id: 1 user-ack: Ethereum://Chain1.a1 0x41ada0d86f02a6cc46fa35a4ac55b00e47636570db97182c3c836deb73ac9bc56e3b68d270b2b514534c263667be32bc6baf7221ac92be2a7236de2231d8ee201b
2019-04-13 20:26:16,318 ves 0x4f984aa7d262372df92f85af9be8d2df09ac4018 session-id: 1 user-ack: Ethereum://Chain1.a2 0xf27d54b73dc6a9a9f4b2f056c56c6daaf4109b63d7ef5edf75421b93af7af3b006eb6d1b5d4749920cd20210e4a680864dca73ce994de5578573d712f74fffee1b
2019-04-13 20:26:16,318 ves 0x4f984aa7d262372df92f85af9be8d2df09ac4018 session-id: 1 setup finished
2019-04-13 20:36:27,588 ves 0x4f984aa7d262372df92f85af9be8d2df09ac4018 sessionSetupPrepare 1
2019-04-13 20:36:28,769 ves 0x4f984aa7d262372df92f85af9be8d2df09ac4018 session-id: 1 ISC bulit at 0x0C24884AEe4E89378Bb1E739A5c9b34834D384E5
2019-04-13 20:36:30,153 ves 0x4f984aa7d262372df92f85af9be8d2df09ac4018 session-id: 1 user-ack: Ethereum://Chain1.a1 0xa1eaf723b992c1b9aec2c6bc986b3d5a128f8dfcdf09ea9b9fdd440ec21e2f6a3b6e1201b3408d061a50db704f95bf0bc5864ce485664a685258e056a429af111c
2019-04-13 20:36:31,424 ves 0x4f984aa7d262372df92f85af9be8d2df09ac4018 session-id: 1 user-ack: Ethereum://Chain1.a2 0xe3d8cc7366a073644ce090c65b26cf2ae3250a2a10041170cd2a52f73dd80c361b1c740400af67b9c9cd14399618476ff4a0272fb56dc22ead85f9e7adfec4081c
2019-04-13 20:36:31,425 ves 0x4f984aa7d262372df92f85af9be8d2df09ac4018 session-id: 1 setup finished
2019-04-13 20:38:14,081 ves 0x4f984aa7d262372df92f85af9be8d2df09ac4018 sessionSetupPrepare 1
2019-04-13 20:38:15,300 ves 0x4f984aa7d262372df92f85af9be8d2df09ac4018 session-id: 1 ISC bulit at 0x0C24884AEe4E89378Bb1E739A5c9b34834D384E5
2019-04-13 20:38:16,580 ves 0x4f984aa7d262372df92f85af9be8d2df09ac4018 session-id: 1 user-ack: Ethereum://Chain1.a1 0xa1eaf723b992c1b9aec2c6bc986b3d5a128f8dfcdf09ea9b9fdd440ec21e2f6a3b6e1201b3408d061a50db704f95bf0bc5864ce485664a685258e056a429af111c
2019-04-13 20:38:17,829 ves 0x4f984aa7d262372df92f85af9be8d2df09ac4018 session-id: 1 user-ack: Ethereum://Chain1.a2 0xe3d8cc7366a073644ce090c65b26cf2ae3250a2a10041170cd2a52f73dd80c361b1c740400af67b9c9cd14399618476ff4a0272fb56dc22ead85f9e7adfec4081c
2019-04-13 20:38:17,829 ves 0x4f984aa7d262372df92f85af9be8d2df09ac4018 session-id: 1 setup finished
2019-04-13 20:50:41,340 ves 0x4f984aa7d262372df92f85af9be8d2df09ac4018 sessionSetupPrepare 1
2019-04-13 20:50:42,121 ves 0x4f984aa7d262372df92f85af9be8d2df09ac4018 session-id: 1 ISC bulit at 0x0C24884AEe4E89378Bb1E739A5c9b34834D384E5
2019-04-13 20:50:42,874 ves 0x4f984aa7d262372df92f85af9be8d2df09ac4018 session-id: 1 user-ack: Ethereum://Chain1.a1 0xb74c1e99a330c92e7b06a6772e84fb3b1fda1f1757464627d741d7ab5ab068d74a5e850d80ffd4c0d3c448ffb21bdf4e834f78b7e20f27b9b07048f7402deef51c
2019-04-13 20:50:43,553 ves 0x4f984aa7d262372df92f85af9be8d2df09ac4018 session-id: 1 user-ack: Ethereum://Chain1.a2 0xed2ef080fcc8d93b1d6bf01a83f227576dc86c968123f39970bf59425d05e4b97a6ca1ef6c5624807c31ba0c41f298d1ebb9d1704c6f99a74a0cbfe19d250e991c
2019-04-13 20:50:43,553 ves 0x4f984aa7d262372df92f85af9be8d2df09ac4018 session-id: 1 setup finished
2019-04-13 21:00:19,547 ves 0x4f984aa7d262372df92f85af9be8d2df09ac4018 sessionSetupPrepare 1
2019-04-13 21:00:20,795 ves 0x4f984aa7d262372df92f85af9be8d2df09ac4018 session-id: 1 ISC bulit at 0x0C24884AEe4E89378Bb1E739A5c9b34834D384E5
2019-04-13 21:00:22,113 ves 0x4f984aa7d262372df92f85af9be8d2df09ac4018 session-id: 1 user-ack: Ethereum://Chain1.a1 0xb74c1e99a330c92e7b06a6772e84fb3b1fda1f1757464627d741d7ab5ab068d74a5e850d80ffd4c0d3c448ffb21bdf4e834f78b7e20f27b9b07048f7402deef51c
2019-04-13 21:00:23,267 ves 0x4f984aa7d262372df92f85af9be8d2df09ac4018 session-id: 1 user-ack: Ethereum://Chain1.a2 0xed2ef080fcc8d93b1d6bf01a83f227576dc86c968123f39970bf59425d05e4b97a6ca1ef6c5624807c31ba0c41f298d1ebb9d1704c6f99a74a0cbfe19d250e991c
2019-04-13 21:00:23,267 ves 0x4f984aa7d262372df92f85af9be8d2df09ac4018 session-id: 1 setup finished
2019-04-13 21:14:54,526 ves 0x4f984aa7d262372df92f85af9be8d2df09ac4018 sessionSetupPrepare 1
2019-04-13 21:14:55,822 ves 0x4f984aa7d262372df92f85af9be8d2df09ac4018 session-id: 1 ISC bulit at 0x0C24884AEe4E89378Bb1E739A5c9b34834D384E5
2019-04-13 21:15:42,140 ves 0x4f984aa7d262372df92f85af9be8d2df09ac4018 session-id: 1 user-ack: Ethereum://Chain1.a1 0xb74c1e99a330c92e7b06a6772e84fb3b1fda1f1757464627d741d7ab5ab068d74a5e850d80ffd4c0d3c448ffb21bdf4e834f78b7e20f27b9b07048f7402deef51c
2019-04-13 21:15:49,380 ves 0x4f984aa7d262372df92f85af9be8d2df09ac4018 session-id: 1 user-ack: Ethereum://Chain1.a2 0xed2ef080fcc8d93b1d6bf01a83f227576dc86c968123f39970bf59425d05e4b97a6ca1ef6c5624807c31ba0c41f298d1ebb9d1704c6f99a74a0cbfe19d250e991c
2019-04-13 21:15:49,381 ves 0x4f984aa7d262372df92f85af9be8d2df09ac4018 session-id: 1 setup finished
2019-04-13 21:23:39,167 ves 0x4f984aa7d262372df92f85af9be8d2df09ac4018 sessionSetupPrepare 1
2019-04-13 21:23:53,972 ves 0x4f984aa7d262372df92f85af9be8d2df09ac4018 session-id: 1 ISC bulit at 0xe1567d102c82D3A3f8489d261AcB97FdB98Fe483
2019-04-13 21:24:44,123 ves 0x4f984aa7d262372df92f85af9be8d2df09ac4018 session-id: 1 user-ack: Ethereum://Chain1.a1 0xb74c1e99a330c92e7b06a6772e84fb3b1fda1f1757464627d741d7ab5ab068d74a5e850d80ffd4c0d3c448ffb21bdf4e834f78b7e20f27b9b07048f7402deef51c
2019-04-13 21:25:25,423 ves 0x4f984aa7d262372df92f85af9be8d2df09ac4018 session-id: 1 user-ack: Ethereum://Chain1.a2 0xed2ef080fcc8d93b1d6bf01a83f227576dc86c968123f39970bf59425d05e4b97a6ca1ef6c5624807c31ba0c41f298d1ebb9d1704c6f99a74a0cbfe19d250e991c
2019-04-13 21:25:25,423 ves 0x4f984aa7d262372df92f85af9be8d2df09ac4018 session-id: 1 setup finished
2019-04-13 21:26:09,077 ves 0x4f984aa7d262372df92f85af9be8d2df09ac4018 sessionSetupPrepare 1
2019-04-13 21:26:29,894 ves 0x4f984aa7d262372df92f85af9be8d2df09ac4018 session-id: 1 ISC bulit at 0xb68e72147EdA55E2702F92257640322Ff79B249b
2019-04-13 21:27:15,549 ves 0x4f984aa7d262372df92f85af9be8d2df09ac4018 session-id: 1 user-ack: Ethereum://Chain1.a1 0xb74c1e99a330c92e7b06a6772e84fb3b1fda1f1757464627d741d7ab5ab068d74a5e850d80ffd4c0d3c448ffb21bdf4e834f78b7e20f27b9b07048f7402deef51c
2019-04-13 21:27:26,779 ves 0x4f984aa7d262372df92f85af9be8d2df09ac4018 session-id: 1 user-ack: Ethereum://Chain1.a2 0xed2ef080fcc8d93b1d6bf01a83f227576dc86c968123f39970bf59425d05e4b97a6ca1ef6c5624807c31ba0c41f298d1ebb9d1704c6f99a74a0cbfe19d250e991c
2019-04-13 21:27:26,780 ves 0x4f984aa7d262372df92f85af9be8d2df09ac4018 session-id: 1 setup finished
2019-04-13 21:33:27,004 ves 0x4f984aa7d262372df92f85af9be8d2df09ac4018 sessionSetupPrepare 1
2019-04-13 21:33:41,616 ves 0x4f984aa7d262372df92f85af9be8d2df09ac4018 session-id: 1 ISC bulit at 0x0A6120c5030D3B4f5EA92791D8B9680BbFc5b5F1
2019-04-13 21:34:39,259 ves 0x4f984aa7d262372df92f85af9be8d2df09ac4018 session-id: 1 user-ack: Ethereum://Chain1.a1 0xb74c1e99a330c92e7b06a6772e84fb3b1fda1f1757464627d741d7ab5ab068d74a5e850d80ffd4c0d3c448ffb21bdf4e834f78b7e20f27b9b07048f7402deef51c
2019-04-13 21:34:51,730 ves 0x4f984aa7d262372df92f85af9be8d2df09ac4018 session-id: 1 user-ack: Ethereum://Chain1.a2 0xed2ef080fcc8d93b1d6bf01a83f227576dc86c968123f39970bf59425d05e4b97a6ca1ef6c5624807c31ba0c41f298d1ebb9d1704c6f99a74a0cbfe19d250e991c
2019-04-13 21:34:51,730 ves 0x4f984aa7d262372df92f85af9be8d2df09ac4018 session-id: 1 setup finished
2019-04-13 21:35:02,237 ves 0x4f984aa7d262372df92f85af9be8d2df09ac4018 session-id: 1 add NSB's info success: ISC-address: 0x0A6120c5030D3B4f5EA92791D8B9680BbFc5b5F1, Intents-count: 2
